mode: set
gitlab.lisbontechhub.com/A-Team/challenger-chat/controllers/clientController.go:21.65,22.20 1 1
gitlab.lisbontechhub.com/A-Team/challenger-chat/controllers/clientController.go:26.2,26.19 1 1
gitlab.lisbontechhub.com/A-Team/challenger-chat/controllers/clientController.go:30.2,30.25 1 1
gitlab.lisbontechhub.com/A-Team/challenger-chat/controllers/clientController.go:36.2,36.29 1 1
gitlab.lisbontechhub.com/A-Team/challenger-chat/controllers/clientController.go:41.2,42.21 2 1
gitlab.lisbontechhub.com/A-Team/challenger-chat/controllers/clientController.go:22.20,24.3 1 1
gitlab.lisbontechhub.com/A-Team/challenger-chat/controllers/clientController.go:26.19,28.3 1 1
gitlab.lisbontechhub.com/A-Team/challenger-chat/controllers/clientController.go:30.25,31.27 1 1
gitlab.lisbontechhub.com/A-Team/challenger-chat/controllers/clientController.go:31.27,33.4 1 1
gitlab.lisbontechhub.com/A-Team/challenger-chat/controllers/clientController.go:36.29,39.3 2 1
gitlab.lisbontechhub.com/A-Team/challenger-chat/controllers/clientController.go:46.66,47.20 1 1
gitlab.lisbontechhub.com/A-Team/challenger-chat/controllers/clientController.go:51.2,51.30 1 1
gitlab.lisbontechhub.com/A-Team/challenger-chat/controllers/clientController.go:54.2,55.20 2 1
gitlab.lisbontechhub.com/A-Team/challenger-chat/controllers/clientController.go:47.20,49.3 1 1
gitlab.lisbontechhub.com/A-Team/challenger-chat/controllers/clientController.go:51.30,53.3 1 1
gitlab.lisbontechhub.com/A-Team/challenger-chat/controllers/clientController.go:59.66,60.20 1 1
gitlab.lisbontechhub.com/A-Team/challenger-chat/controllers/clientController.go:63.2,63.22 1 1
gitlab.lisbontechhub.com/A-Team/challenger-chat/controllers/clientController.go:67.2,67.32 1 1
gitlab.lisbontechhub.com/A-Team/challenger-chat/controllers/clientController.go:71.2,71.42 1 1
gitlab.lisbontechhub.com/A-Team/challenger-chat/controllers/clientController.go:74.2,76.12 2 1
gitlab.lisbontechhub.com/A-Team/challenger-chat/controllers/clientController.go:60.20,62.3 1 1
gitlab.lisbontechhub.com/A-Team/challenger-chat/controllers/clientController.go:63.22,65.3 1 1
gitlab.lisbontechhub.com/A-Team/challenger-chat/controllers/clientController.go:67.32,69.3 1 1
gitlab.lisbontechhub.com/A-Team/challenger-chat/controllers/clientController.go:71.42,73.3 1 1
gitlab.lisbontechhub.com/A-Team/challenger-chat/controllers/clientController.go:80.70,81.24 1 1
gitlab.lisbontechhub.com/A-Team/challenger-chat/controllers/clientController.go:85.2,85.34 1 1
gitlab.lisbontechhub.com/A-Team/challenger-chat/controllers/clientController.go:89.2,90.21 2 1
gitlab.lisbontechhub.com/A-Team/challenger-chat/controllers/clientController.go:81.24,83.3 1 1
gitlab.lisbontechhub.com/A-Team/challenger-chat/controllers/clientController.go:85.34,87.3 1 1
gitlab.lisbontechhub.com/A-Team/challenger-chat/controllers/clientController.go:94.63,95.20 1 1
gitlab.lisbontechhub.com/A-Team/challenger-chat/controllers/clientController.go:99.2,99.30 1 1
gitlab.lisbontechhub.com/A-Team/challenger-chat/controllers/clientController.go:102.2,103.20 2 1
gitlab.lisbontechhub.com/A-Team/challenger-chat/controllers/clientController.go:95.20,97.3 1 1
gitlab.lisbontechhub.com/A-Team/challenger-chat/controllers/clientController.go:99.30,101.3 1 1
gitlab.lisbontechhub.com/A-Team/challenger-chat/controllers/clientController.go:107.80,111.20 3 1
gitlab.lisbontechhub.com/A-Team/challenger-chat/controllers/clientController.go:115.2,115.30 1 1
gitlab.lisbontechhub.com/A-Team/challenger-chat/controllers/clientController.go:119.2,124.64 5 1
gitlab.lisbontechhub.com/A-Team/challenger-chat/controllers/clientController.go:127.2,128.20 2 1
gitlab.lisbontechhub.com/A-Team/challenger-chat/controllers/clientController.go:111.20,113.3 1 1
gitlab.lisbontechhub.com/A-Team/challenger-chat/controllers/clientController.go:115.30,117.3 1 1
gitlab.lisbontechhub.com/A-Team/challenger-chat/controllers/clientController.go:124.64,126.3 1 1
gitlab.lisbontechhub.com/A-Team/challenger-chat/controllers/clientController.go:134.42,137.47 3 1
gitlab.lisbontechhub.com/A-Team/challenger-chat/controllers/clientController.go:141.2,141.14 1 1
gitlab.lisbontechhub.com/A-Team/challenger-chat/controllers/clientController.go:137.47,139.3 1 1
gitlab.lisbontechhub.com/A-Team/challenger-chat/controllers/clientController.go:149.55,160.29 7 1
gitlab.lisbontechhub.com/A-Team/challenger-chat/controllers/clientController.go:166.2,166.14 1 1
gitlab.lisbontechhub.com/A-Team/challenger-chat/controllers/clientController.go:160.29,162.30 2 1
gitlab.lisbontechhub.com/A-Team/challenger-chat/controllers/clientController.go:162.30,164.4 1 1
gitlab.lisbontechhub.com/A-Team/challenger-chat/controllers/messageController.go:14.100,15.20 1 1
gitlab.lisbontechhub.com/A-Team/challenger-chat/controllers/messageController.go:19.2,19.22 1 1
gitlab.lisbontechhub.com/A-Team/challenger-chat/controllers/messageController.go:23.2,23.24 1 1
gitlab.lisbontechhub.com/A-Team/challenger-chat/controllers/messageController.go:27.2,27.32 1 1
gitlab.lisbontechhub.com/A-Team/challenger-chat/controllers/messageController.go:31.2,31.34 1 1
gitlab.lisbontechhub.com/A-Team/challenger-chat/controllers/messageController.go:35.2,35.47 1 1
gitlab.lisbontechhub.com/A-Team/challenger-chat/controllers/messageController.go:39.2,41.21 2 1
gitlab.lisbontechhub.com/A-Team/challenger-chat/controllers/messageController.go:15.20,17.3 1 1
gitlab.lisbontechhub.com/A-Team/challenger-chat/controllers/messageController.go:19.22,21.3 1 1
gitlab.lisbontechhub.com/A-Team/challenger-chat/controllers/messageController.go:23.24,25.3 1 1
gitlab.lisbontechhub.com/A-Team/challenger-chat/controllers/messageController.go:27.32,29.3 1 1
gitlab.lisbontechhub.com/A-Team/challenger-chat/controllers/messageController.go:31.34,33.3 1 1
gitlab.lisbontechhub.com/A-Team/challenger-chat/controllers/messageController.go:35.47,37.3 1 1
gitlab.lisbontechhub.com/A-Team/challenger-chat/controllers/messageController.go:46.84,47.22 1 1
gitlab.lisbontechhub.com/A-Team/challenger-chat/controllers/messageController.go:50.2,50.24 1 1
gitlab.lisbontechhub.com/A-Team/challenger-chat/controllers/messageController.go:54.2,54.32 1 1
gitlab.lisbontechhub.com/A-Team/challenger-chat/controllers/messageController.go:58.2,58.34 1 1
gitlab.lisbontechhub.com/A-Team/challenger-chat/controllers/messageController.go:62.2,64.22 2 1
gitlab.lisbontechhub.com/A-Team/challenger-chat/controllers/messageController.go:47.22,49.3 1 1
gitlab.lisbontechhub.com/A-Team/challenger-chat/controllers/messageController.go:50.24,52.3 1 1
gitlab.lisbontechhub.com/A-Team/challenger-chat/controllers/messageController.go:54.32,56.3 1 1
gitlab.lisbontechhub.com/A-Team/challenger-chat/controllers/messageController.go:58.34,60.3 1 1
gitlab.lisbontechhub.com/A-Team/challenger-chat/controllers/sessionController.go:16.77,17.30 1 1
gitlab.lisbontechhub.com/A-Team/challenger-chat/controllers/sessionController.go:20.2,20.32 1 1
gitlab.lisbontechhub.com/A-Team/challenger-chat/controllers/sessionController.go:24.2,25.21 2 1
gitlab.lisbontechhub.com/A-Team/challenger-chat/controllers/sessionController.go:17.30,19.3 1 1
gitlab.lisbontechhub.com/A-Team/challenger-chat/controllers/sessionController.go:20.32,23.3 2 1
gitlab.lisbontechhub.com/A-Team/challenger-chat/controllers/sessionController.go:29.67,30.33 1 1
gitlab.lisbontechhub.com/A-Team/challenger-chat/controllers/sessionController.go:33.2,34.21 2 1
gitlab.lisbontechhub.com/A-Team/challenger-chat/controllers/sessionController.go:30.33,32.3 1 1
gitlab.lisbontechhub.com/A-Team/challenger-chat/controllers/sessionController.go:38.69,39.33 1 1
gitlab.lisbontechhub.com/A-Team/challenger-chat/controllers/sessionController.go:42.2,42.30 1 1
gitlab.lisbontechhub.com/A-Team/challenger-chat/controllers/sessionController.go:45.2,46.21 2 1
gitlab.lisbontechhub.com/A-Team/challenger-chat/controllers/sessionController.go:39.33,41.3 1 1
gitlab.lisbontechhub.com/A-Team/challenger-chat/controllers/sessionController.go:42.30,44.3 1 1
gitlab.lisbontechhub.com/A-Team/challenger-chat/controllers/sessionController.go:50.71,53.2 2 1
gitlab.lisbontechhub.com/A-Team/challenger-chat/controllers/sessionController.go:61.45,64.16 3 1
gitlab.lisbontechhub.com/A-Team/challenger-chat/controllers/sessionController.go:67.2,67.14 1 1
gitlab.lisbontechhub.com/A-Team/challenger-chat/controllers/sessionController.go:64.16,66.3 1 1
gitlab.lisbontechhub.com/A-Team/challenger-chat/controllers/socketController.go:33.95,34.40 1 1
gitlab.lisbontechhub.com/A-Team/challenger-chat/controllers/socketController.go:34.40,37.19 2 1
gitlab.lisbontechhub.com/A-Team/challenger-chat/controllers/socketController.go:42.3,50.33 7 1
gitlab.lisbontechhub.com/A-Team/challenger-chat/controllers/socketController.go:56.3,64.56 6 1
gitlab.lisbontechhub.com/A-Team/challenger-chat/controllers/socketController.go:37.19,40.4 2 1
gitlab.lisbontechhub.com/A-Team/challenger-chat/controllers/socketController.go:50.33,54.4 3 1
gitlab.lisbontechhub.com/A-Team/challenger-chat/controllers/socketController.go:69.96,70.40 1 1
gitlab.lisbontechhub.com/A-Team/challenger-chat/controllers/socketController.go:70.40,72.19 2 1
gitlab.lisbontechhub.com/A-Team/challenger-chat/controllers/socketController.go:77.3,80.33 3 1
gitlab.lisbontechhub.com/A-Team/challenger-chat/controllers/socketController.go:85.3,95.18 8 1
gitlab.lisbontechhub.com/A-Team/challenger-chat/controllers/socketController.go:72.19,75.4 2 1
gitlab.lisbontechhub.com/A-Team/challenger-chat/controllers/socketController.go:80.33,84.4 3 1
gitlab.lisbontechhub.com/A-Team/challenger-chat/controllers/socketController.go:100.71,101.40 1 1
gitlab.lisbontechhub.com/A-Team/challenger-chat/controllers/socketController.go:101.40,103.19 2 1
gitlab.lisbontechhub.com/A-Team/challenger-chat/controllers/socketController.go:108.3,112.33 4 1
gitlab.lisbontechhub.com/A-Team/challenger-chat/controllers/socketController.go:117.3,125.63 6 1
gitlab.lisbontechhub.com/A-Team/challenger-chat/controllers/socketController.go:103.19,106.4 2 1
gitlab.lisbontechhub.com/A-Team/challenger-chat/controllers/socketController.go:112.33,116.4 3 1
gitlab.lisbontechhub.com/A-Team/challenger-chat/controllers/socketController.go:130.72,131.40 1 1
gitlab.lisbontechhub.com/A-Team/challenger-chat/controllers/socketController.go:131.40,136.19 4 1
gitlab.lisbontechhub.com/A-Team/challenger-chat/controllers/socketController.go:141.3,148.33 6 1
gitlab.lisbontechhub.com/A-Team/challenger-chat/controllers/socketController.go:154.3,155.36 2 1
gitlab.lisbontechhub.com/A-Team/challenger-chat/controllers/socketController.go:162.3,164.36 3 1
gitlab.lisbontechhub.com/A-Team/challenger-chat/controllers/socketController.go:136.19,139.4 2 1
gitlab.lisbontechhub.com/A-Team/challenger-chat/controllers/socketController.go:148.33,152.4 3 1
gitlab.lisbontechhub.com/A-Team/challenger-chat/controllers/socketController.go:155.36,157.29 2 1
gitlab.lisbontechhub.com/A-Team/challenger-chat/controllers/socketController.go:157.29,159.5 1 1
gitlab.lisbontechhub.com/A-Team/challenger-chat/controllers/socketController.go:169.75,170.40 1 1
gitlab.lisbontechhub.com/A-Team/challenger-chat/controllers/socketController.go:170.40,172.19 2 1
gitlab.lisbontechhub.com/A-Team/challenger-chat/controllers/socketController.go:177.3,182.33 5 1
gitlab.lisbontechhub.com/A-Team/challenger-chat/controllers/socketController.go:187.3,193.36 5 1
gitlab.lisbontechhub.com/A-Team/challenger-chat/controllers/socketController.go:199.3,199.55 1 1
gitlab.lisbontechhub.com/A-Team/challenger-chat/controllers/socketController.go:172.19,175.4 2 1
gitlab.lisbontechhub.com/A-Team/challenger-chat/controllers/socketController.go:182.33,186.4 3 1
gitlab.lisbontechhub.com/A-Team/challenger-chat/controllers/socketController.go:193.36,195.27 2 1
gitlab.lisbontechhub.com/A-Team/challenger-chat/controllers/socketController.go:195.27,197.5 1 1
gitlab.lisbontechhub.com/A-Team/challenger-chat/controllers/socketController.go:204.76,205.40 1 1
gitlab.lisbontechhub.com/A-Team/challenger-chat/controllers/socketController.go:205.40,207.19 2 1
gitlab.lisbontechhub.com/A-Team/challenger-chat/controllers/socketController.go:212.3,214.33 3 1
gitlab.lisbontechhub.com/A-Team/challenger-chat/controllers/socketController.go:219.3,220.39 2 1
gitlab.lisbontechhub.com/A-Team/challenger-chat/controllers/socketController.go:207.19,210.4 2 1
gitlab.lisbontechhub.com/A-Team/challenger-chat/controllers/socketController.go:214.33,218.4 3 1
gitlab.lisbontechhub.com/A-Team/challenger-chat/controllers/socketController.go:225.74,226.40 1 1
gitlab.lisbontechhub.com/A-Team/challenger-chat/controllers/socketController.go:226.40,228.19 2 1
gitlab.lisbontechhub.com/A-Team/challenger-chat/controllers/socketController.go:233.3,239.33 6 1
gitlab.lisbontechhub.com/A-Team/challenger-chat/controllers/socketController.go:246.3,246.36 1 1
gitlab.lisbontechhub.com/A-Team/challenger-chat/controllers/socketController.go:228.19,231.4 2 1
gitlab.lisbontechhub.com/A-Team/challenger-chat/controllers/socketController.go:239.33,243.4 3 1
gitlab.lisbontechhub.com/A-Team/challenger-chat/controllers/socketController.go:246.36,251.34 3 1
gitlab.lisbontechhub.com/A-Team/challenger-chat/controllers/socketController.go:257.4,257.30 1 1
gitlab.lisbontechhub.com/A-Team/challenger-chat/controllers/socketController.go:251.34,255.5 3 1
gitlab.lisbontechhub.com/A-Team/challenger-chat/controllers/socketController.go:257.30,263.5 3 1
gitlab.lisbontechhub.com/A-Team/challenger-chat/controllers/socketController.go:269.78,270.40 1 1
gitlab.lisbontechhub.com/A-Team/challenger-chat/controllers/socketController.go:270.40,273.3 2 1
gitlab.lisbontechhub.com/A-Team/challenger-chat/controllers/socketController.go:282.100,285.22 2 1
gitlab.lisbontechhub.com/A-Team/challenger-chat/controllers/socketController.go:318.2,318.18 1 1
gitlab.lisbontechhub.com/A-Team/challenger-chat/controllers/socketController.go:285.22,286.12 1 1
gitlab.lisbontechhub.com/A-Team/challenger-chat/controllers/socketController.go:287.19,288.42 1 1
gitlab.lisbontechhub.com/A-Team/challenger-chat/controllers/socketController.go:292.4,292.30 1 1
gitlab.lisbontechhub.com/A-Team/challenger-chat/controllers/socketController.go:293.21,294.42 1 1
gitlab.lisbontechhub.com/A-Team/challenger-chat/controllers/socketController.go:298.4,298.32 1 1
gitlab.lisbontechhub.com/A-Team/challenger-chat/controllers/socketController.go:299.15,300.42 1 1
gitlab.lisbontechhub.com/A-Team/challenger-chat/controllers/socketController.go:304.4,304.26 1 1
gitlab.lisbontechhub.com/A-Team/challenger-chat/controllers/socketController.go:305.17,306.42 1 1
gitlab.lisbontechhub.com/A-Team/challenger-chat/controllers/socketController.go:310.4,310.28 1 1
gitlab.lisbontechhub.com/A-Team/challenger-chat/controllers/socketController.go:311.11,312.42 1 1
gitlab.lisbontechhub.com/A-Team/challenger-chat/controllers/socketController.go:288.42,291.5 2 1
gitlab.lisbontechhub.com/A-Team/challenger-chat/controllers/socketController.go:294.42,297.5 2 1
gitlab.lisbontechhub.com/A-Team/challenger-chat/controllers/socketController.go:300.42,303.5 2 1
gitlab.lisbontechhub.com/A-Team/challenger-chat/controllers/socketController.go:306.42,309.5 2 1
gitlab.lisbontechhub.com/A-Team/challenger-chat/controllers/socketController.go:312.42,315.5 2 1
